[02/28/2010 1:58 PM] - FAIL: SEE LOGS
NVP POST Vars from Paypal:
TIMESTAMP=2010-02-28T13:58:18Z
CORRELATIONID=a649bc4fe9b79
ACK=Failure
VERSION=60.0
BUILD=1195961
L_ERRORCODE0=10002
L_SHORTMESSAGE0=Security error
L_LONGMESSAGE0=Security header is not valid
L_SEVERITYCODE0=Error


[02/28/2010 1:58 PM] - FAIL: SEE LOGS
NVP POST Vars from Paypal:
TIMESTAMP=2010-02-28T13:58:55Z
CORRELATIONID=62f793e2623b6
ACK=Failure
VERSION=60.0
BUILD=1195961
L_ERRORCODE0=10002
L_SHORTMESSAGE0=Security error
L_LONGMESSAGE0=Security header is not valid
L_SEVERITYCODE0=Error


[02/28/2010 2:00 PM] - FAIL: SEE LOGS
NVP POST Vars from Paypal:
TIMESTAMP=2010-02-28T14:00:39Z
CORRELATIONID=e6e8e66f99b7
ACK=Failure
VERSION=60.0
BUILD=1195961
L_ERRORCODE0=10002
L_SHORTMESSAGE0=Security error
L_LONGMESSAGE0=Security header is not valid
L_SEVERITYCODE0=Error


[02/28/2010 2:03 PM] - FAIL: SEE LOGS
NVP POST Vars from Paypal:
TIMESTAMP=2010-02-28T14:03:43Z
CORRELATIONID=f291f68781b7c
ACK=Failure
VERSION=60.0
BUILD=1195961
L_ERRORCODE0=10002
L_SHORTMESSAGE0=Security error
L_LONGMESSAGE0=Security header is not valid
L_SEVERITYCODE0=Error


[02/28/2010 2:04 PM] - SUCCESS!
NVP POST Vars from Paypal:
L_AMT0=2952.96
L_CURRENCYCODE0=GBP
TIMESTAMP=2010-02-28T14:04:15Z
CORRELATIONID=fd5a962bb2ad0
ACK=Success
VERSION=60.0
BUILD=1195961


[02/28/2010 2:06 PM] - FAIL: SEE LOGS
NVP POST Vars from Paypal:


[02/28/2010 2:06 PM] - FAIL: SEE LOGS
NVP POST Vars from Paypal:


[02/28/2010 2:07 PM] - FAIL: SEE LOGS
NVP POST Vars from Paypal:


[02/28/2010 2:08 PM] - FAIL: SEE LOGS
NVP POST Vars from Paypal:


[02/28/2010 2:09 PM] - FAIL: SEE LOGS
NVP POST Vars from Paypal:


[02/28/2010 2:10 PM] - FAIL: SEE LOGS
NVP POST Vars from Paypal:


[02/28/2010 2:11 PM] - SUCCESS!
NVP POST Vars from Paypal:
L_AMT0=2952.96
L_CURRENCYCODE0=GBP
TIMESTAMP=2010-02-28T14:11:23Z
CORRELATIONID=d2c083e3ef013
ACK=Success
VERSION=60.0
BUILD=1195961


